[2023-05-25 20:35:38] [ ERROR] [OdontologoDao:87] La base de datos puede que ya esté siendo utilizada: "C:/Users/José/examenGabrielJose.mv.db". Soluciones Posibles: cierre todas las otras conexiones; use el modo server
Database may be already in use: "C:/Users/José/examenGabrielJose.mv.db". Possible solutions: close all other connection(s); use the server mode [90020-214]
[2023-05-25 20:35:38] [ ERROR] [OdontologoDao:92] No se pudo cerrar la conexion: Cannot invoke "java.sql.Connection.close()" because "connection" is null
[2023-05-25 20:36:30] [ ERROR] [OdontologoDao:87] La base de datos puede que ya esté siendo utilizada: "C:/Users/José/examenGabrielJose.mv.db". Soluciones Posibles: cierre todas las otras conexiones; use el modo server
Database may be already in use: "C:/Users/José/examenGabrielJose.mv.db". Possible solutions: close all other connection(s); use the server mode [90020-214]
[2023-05-25 20:36:31] [ ERROR] [OdontologoDao:92] No se pudo cerrar la conexion: Cannot invoke "java.sql.Connection.close()" because "connection" is null
[2023-05-25 20:39:19] [ ERROR] [OdontologoDao:87] La base de datos puede que ya esté siendo utilizada: "C:/Users/José/examenGabrielJose.mv.db". Soluciones Posibles: cierre todas las otras conexiones; use el modo server
Database may be already in use: "C:/Users/José/examenGabrielJose.mv.db". Possible solutions: close all other connection(s); use the server mode [90020-214]
[2023-05-25 20:39:19] [ ERROR] [OdontologoDao:92] No se pudo cerrar la conexion: Cannot invoke "java.sql.Connection.close()" because "connection" is null
[2023-05-25 20:39:49] [ ERROR] [OdontologoDao:87] La base de datos puede que ya esté siendo utilizada: "C:/Users/José/examenGabrielJose.mv.db". Soluciones Posibles: cierre todas las otras conexiones; use el modo server
Database may be already in use: "C:/Users/José/examenGabrielJose.mv.db". Possible solutions: close all other connection(s); use the server mode [90020-214]
[2023-05-25 20:39:49] [ ERROR] [OdontologoDao:92] No se pudo cerrar la conexion: Cannot invoke "java.sql.Connection.close()" because "connection" is null
[2023-05-25 20:41:04] [ ERROR] [OdontologoDao:87] La base de datos puede que ya esté siendo utilizada: "C:/Users/José/examenGabrielJose.mv.db". Soluciones Posibles: cierre todas las otras conexiones; use el modo server
Database may be already in use: "C:/Users/José/examenGabrielJose.mv.db". Possible solutions: close all other connection(s); use the server mode [90020-214]
[2023-05-25 20:41:04] [ ERROR] [OdontologoDao:92] No se pudo cerrar la conexion: Cannot invoke "java.sql.Connection.close()" because "connection" is null
[2023-05-25 20:46:55] [ ERROR] [OdontologoDao:37] La base de datos puede que ya esté siendo utilizada: "C:/Users/José/examenGabrielJose.mv.db". Soluciones Posibles: cierre todas las otras conexiones; use el modo server
Database may be already in use: "C:/Users/José/examenGabrielJose.mv.db". Possible solutions: close all other connection(s); use the server mode [90020-214]
[2023-05-25 20:46:55] [ ERROR] [OdontologoDao:53] Ha ocurrido un error al intentar cerrar la bdd. Cannot invoke "java.sql.Connection.close()" because "connection" is null
[2023-05-25 20:46:55] [ ERROR] [OdontologoDao:37] La base de datos puede que ya esté siendo utilizada: "C:/Users/José/examenGabrielJose.mv.db". Soluciones Posibles: cierre todas las otras conexiones; use el modo server
Database may be already in use: "C:/Users/José/examenGabrielJose.mv.db". Possible solutions: close all other connection(s); use the server mode [90020-214]
[2023-05-25 20:46:55] [ ERROR] [OdontologoDao:53] Ha ocurrido un error al intentar cerrar la bdd. Cannot invoke "java.sql.Connection.close()" because "connection" is null
[2023-05-25 20:46:55] [ ERROR] [OdontologoDao:87] La base de datos puede que ya esté siendo utilizada: "C:/Users/José/examenGabrielJose.mv.db". Soluciones Posibles: cierre todas las otras conexiones; use el modo server
Database may be already in use: "C:/Users/José/examenGabrielJose.mv.db". Possible solutions: close all other connection(s); use the server mode [90020-214]
[2023-05-25 20:46:55] [ ERROR] [OdontologoDao:92] No se pudo cerrar la conexion: Cannot invoke "java.sql.Connection.close()" because "connection" is null
[2023-05-25 20:48:46] [ ERROR] [OdontologoDao:37] Table "ODONTOLOGOS" not found (this database is empty); SQL statement:
INSERT INTO ODONTOLOGOS (MATRICULA, NOMBRE, APELLIDO) VALUES (?, ?, ?) [42104-214]
[2023-05-25 20:48:46] [ ERROR] [OdontologoDao:42] ERROR! Se activó el rollback
[2023-05-25 20:48:47] [ ERROR] [OdontologoDao:37] Table "ODONTOLOGOS" not found (this database is empty); SQL statement:
INSERT INTO ODONTOLOGOS (MATRICULA, NOMBRE, APELLIDO) VALUES (?, ?, ?) [42104-214]
[2023-05-25 20:48:47] [ ERROR] [OdontologoDao:42] ERROR! Se activó el rollback
[2023-05-25 20:48:47] [ ERROR] [OdontologoDao:87] Table "ODONTOLOGOS" not found (this database is empty); SQL statement:
SELECT * FROM ODONTOLOGOS [42104-214]
[2023-05-25 20:49:08] [ ERROR] [OdontologoDao:37] La base de datos puede que ya esté siendo utilizada: "C:/Users/José/examen.mv.db". Soluciones Posibles: cierre todas las otras conexiones; use el modo server
Database may be already in use: "C:/Users/José/examen.mv.db". Possible solutions: close all other connection(s); use the server mode [90020-214]
[2023-05-25 20:49:08] [ ERROR] [OdontologoDao:53] Ha ocurrido un error al intentar cerrar la bdd. Cannot invoke "java.sql.Connection.close()" because "connection" is null
[2023-05-25 20:49:08] [ ERROR] [OdontologoDao:37] La base de datos puede que ya esté siendo utilizada: "C:/Users/José/examen.mv.db". Soluciones Posibles: cierre todas las otras conexiones; use el modo server
Database may be already in use: "C:/Users/José/examen.mv.db". Possible solutions: close all other connection(s); use the server mode [90020-214]
[2023-05-25 20:49:08] [ ERROR] [OdontologoDao:53] Ha ocurrido un error al intentar cerrar la bdd. Cannot invoke "java.sql.Connection.close()" because "connection" is null
[2023-05-25 20:49:08] [ ERROR] [OdontologoDao:87] La base de datos puede que ya esté siendo utilizada: "C:/Users/José/examen.mv.db". Soluciones Posibles: cierre todas las otras conexiones; use el modo server
Database may be already in use: "C:/Users/José/examen.mv.db". Possible solutions: close all other connection(s); use the server mode [90020-214]
[2023-05-25 20:49:08] [ ERROR] [OdontologoDao:92] No se pudo cerrar la conexion: Cannot invoke "java.sql.Connection.close()" because "connection" is null
